<?xml version="1.0" encoding="UTF-8"?>
<!-- Generated by org.testng.reporters.JUnitXMLReporter -->
<testsuite ignored="1" hostname="MANSINGH" failures="1" tests="3" name="MarketingSuite(failed)" time="0.129" errors="0" timestamp="2023-10-31T11:05:05 IST">
  <testcase classname="com.eva.vtiger.base.TestCase" name="test1" time="0.02">
    <skipped/>
  </testcase> <!-- test1 -->
  <testcase classname="com.eva.vtiger.base.TestCase" name="test1" time="0.006">
    <skipped/>
  </testcase> <!-- test1 -->
  <testcase classname="com.eva.vtiger.base.TestCase" name="test1" time="0.003">
    <failure type="java.lang.AssertionError" message="expected [abc] but found [xyz]">
      <![CDATA[java.lang.AssertionError: expected [abc] but found [xyz]
at com.eva.vtiger.base.TestCase.test1(TestCase.java:13)
at java.base/java.util.ArrayList.forEach(ArrayList.java:1511)
... Removed 31 stack frames]]>
    </failure>
  </testcase> <!-- test1 -->
  <testcase classname="com.eva.vtiger.base.TestCase" name="test2" time="0.0">
    <ignored/>
  </testcase> <!-- test2 -->
</testsuite> <!-- MarketingSuite(failed) -->
